<?xml version="1.0" encoding="UTF-8"?>
<testsuite name="Firefox"
           tests="1"
           failures="1"
           errors="0"
           skipped="0"
           time="18.865">
  <properties />
            <testcase name="checkGmailLogin" time="18.865" classname="com.qburst.samples.tests.GmailLogin">
                <failure type="java.lang.AssertionError"
                  message="Invalid credentials expected [true] but found [false]"
              >
<![CDATA[java.lang.AssertionError: Invalid credentials expected [true] but found [false]
  org.testng.Assert.fail(Assert.java:94)
  org.testng.Assert.failNotEquals(Assert.java:494)
  org.testng.Assert.assertTrue(Assert.java:42)
  com.qburst.samples.tests.GmailLogin.checkGmailLogin(GmailLogin.java:66)
  sun.reflect.NativeMethodAccessorImpl.invoke0(Native Method)
  sun.reflect.NativeMethodAccessorImpl.invoke(NativeMethodAccessorImpl.java:57)
  sun.reflect.DelegatingMethodAccessorImpl.invoke(DelegatingMethodAccessorImpl.java:43)
  java.lang.reflect.Method.invoke(Method.java:606)
  org.testng.internal.MethodInvocationHelper.invokeMethod(MethodInvocationHelper.java:84)
  org.testng.internal.Invoker.invokeMethod(Invoker.java:714)
  org.testng.internal.Invoker.invokeTestMethod(Invoker.java:901)
  org.testng.internal.Invoker.invokeTestMethods(Invoker.java:1231)
  org.testng.internal.TestMethodWorker.invokeTestMethods(TestMethodWorker.java:127)
  org.testng.internal.TestMethodWorker.run(TestMethodWorker.java:111)
  java.util.concurrent.ThreadPoolExecutor.runWorker(ThreadPoolExecutor.java:1145)
  java.util.concurrent.ThreadPoolExecutor$Worker.run(ThreadPoolExecutor.java:615)
  java.lang.Thread.run(Thread.java:744)
]]>
      </failure>

          </testcase>
  
  
  
</testsuite>
