<?xml version="1.0" encoding="UTF-8"?>
<testng-results skipped="0" failed="0" total="1" passed="1">
  <reporter-output>
  </reporter-output>
  <suite name="Default suite" duration-ms="5141" started-at="2014-04-09T06:23:07Z" finished-at="2014-04-09T06:23:13Z">
    <groups>
    </groups>
    <test name="Default test" duration-ms="5141" started-at="2014-04-09T06:23:07Z" finished-at="2014-04-09T06:23:13Z">
      <class name="com.qburst.tests.TestNGSample">
        <test-method status="PASS" signature="loadUrl()[pri:0, instance:com.qburst.tests.TestNGSample@11de0da]" name="loadUrl" duration-ms="5097" started-at="2014-04-09T11:53:07Z" finished-at="2014-04-09T11:53:13Z">
          <reporter-output>
          </reporter-output>
        </test-method> <!-- loadUrl -->
      </class> <!-- com.qburst.tests.TestNGSample -->
    </test> <!-- Default test -->
  </suite> <!-- Default suite -->
</testng-results>
